<test-run id="2" testcasecount="4" result="Passed" start-time="2025-03-23 19:14:24.286524" end-time="2025-03-23 19:14:30.976451" duration="6" total="4" passed="4" failed="0" inconclusive="0" skipped="0" asserts="0" clr-version="3.11.11 (main, Dec  3 2024, 17:20:40) [Clang 16.0.0 (clang-1600.0.26.4)]" engine-version="3.6.2"><command-line>/opt/homebrew/bin/pytest --cov=AdxIngestFunction --cov-report=html:./htmlcov tests/</command-line><filter><test re="0">tests/</test></filter><test-suite id="tests/test_utils.py::TestUtils" name="tests/test_utils.py::TestUtils" fullname="tests/test_utils.py::TestUtils" methodname="" classname="" runstate="Runnable" type="Assembly" testcasecount="1" result="Passed" label="" start-time="2025-03-23 19:14:30.755297" end-time="2025-03-23 19:14:30.756345" duration="0.001048" asserts="0" total="1" passed="1" failed="0" warnings="0" inconclusive="0" skipped="0"><properties><property name="python_version" value="3.11.11 (main, Dec  3 2024, 17:20:40) [Clang 16.0.0 (clang-1600.0.26.4)]" /></properties><test-case id="103" name="tests/test_utils.py::TestUtils::test_get_kusto_kcsb" fullname="tests/test_utils.py::TestUtils::test_get_kusto_kcsb" methodname="test_get_kusto_kcsb" classname="TestUtils" runstate="Runnable" seed="1" result="Passed" label="" start-time="2025-03-23 19:14:30.755297" end-time="2025-03-23 19:14:30.756345" duration="0.001048" asserts="0"><properties><property name="python-version" value="3.11.11 (main, Dec  3 2024, 17:20:40) [Clang 16.0.0 (clang-1600.0.26.4)]" /><property name="fspath" value="tests/test_utils.py" /></properties><environment framework-version="3.6.2" clr-version="3.11.11 (main, Dec  3 2024, 17:20:40) [Clang 16.0.0 (clang-1600.0.26.4)]" os-version="23.1.0" platform="Darwin" cwd="/Users/mac/Documents/SystemsEngineering-2" machine-name="arm64" user="" user-domain="" culture="en_US" uiculture="en_US" os-architecture="64bit" /><failure><message><![CDATA[]]></message><stack-trace><![CDATA[None]]></stack-trace></failure><reason><message><![CDATA[]]></message></reason><output><![CDATA[]]></output></test-case><environment framework-version="3.6.2" clr-version="3.11.11 (main, Dec  3 2024, 17:20:40) [Clang 16.0.0 (clang-1600.0.26.4)]" os-version="23.1.0" platform="Darwin" cwd="/Users/mac/Documents/SystemsEngineering-2" machine-name="arm64" user="" user-domain="" culture="en_US" uiculture="en_US" os-architecture="64bit" /></test-suite><test-suite id="tests/test_excel_generator.py::TestExcelGenerator" name="tests/test_excel_generator.py::TestExcelGenerator" fullname="tests/test_excel_generator.py::TestExcelGenerator" methodname="" classname="" runstate="Runnable" type="Assembly" testcasecount="1" result="Passed" label="" start-time="2025-03-23 19:14:25.383217" end-time="2025-03-23 19:14:30.754757" duration="5.37154" asserts="0" total="1" passed="1" failed="0" warnings="0" inconclusive="0" skipped="0"><properties><property name="python_version" value="3.11.11 (main, Dec  3 2024, 17:20:40) [Clang 16.0.0 (clang-1600.0.26.4)]" /></properties><test-case id="102" name="tests/test_excel_generator.py::TestExcelGenerator::test_save_dataframe_to_excel_and_formatting" fullname="tests/test_excel_generator.py::TestExcelGenerator::test_save_dataframe_to_excel_and_formatting" methodname="test_save_dataframe_to_excel_and_formatting" classname="TestExcelGenerator" runstate="Runnable" seed="1" result="Passed" label="" start-time="2025-03-23 19:14:25.383217" end-time="2025-03-23 19:14:30.754757" duration="5.37154" asserts="0"><properties><property name="python-version" value="3.11.11 (main, Dec  3 2024, 17:20:40) [Clang 16.0.0 (clang-1600.0.26.4)]" /><property name="fspath" value="tests/test_excel_generator.py" /></properties><environment framework-version="3.6.2" clr-version="3.11.11 (main, Dec  3 2024, 17:20:40) [Clang 16.0.0 (clang-1600.0.26.4)]" os-version="23.1.0" platform="Darwin" cwd="/Users/mac/Documents/SystemsEngineering-2" machine-name="arm64" user="" user-domain="" culture="en_US" uiculture="en_US" os-architecture="64bit" /><failure><message><![CDATA[]]></message><stack-trace><![CDATA[None]]></stack-trace></failure><reason><message><![CDATA[]]></message></reason><output><![CDATA[]]></output></test-case><environment framework-version="3.6.2" clr-version="3.11.11 (main, Dec  3 2024, 17:20:40) [Clang 16.0.0 (clang-1600.0.26.4)]" os-version="23.1.0" platform="Darwin" cwd="/Users/mac/Documents/SystemsEngineering-2" machine-name="arm64" user="" user-domain="" culture="en_US" uiculture="en_US" os-architecture="64bit" /></test-suite><test-suite id="tests/test_adx_ingest_function.py::TestBlobIngestFunction" name="tests/test_adx_ingest_function.py::TestBlobIngestFunction" fullname="tests/test_adx_ingest_function.py::TestBlobIngestFunction" methodname="" classname="" runstate="Runnable" type="Assembly" testcasecount="2" result="Passed" label="" start-time="2025-03-23 19:14:25.363370" end-time="2025-03-23 19:14:25.382715" duration="0.019345" asserts="0" total="2" passed="2" failed="0" warnings="0" inconclusive="0" skipped="0"><properties><property name="python_version" value="3.11.11 (main, Dec  3 2024, 17:20:40) [Clang 16.0.0 (clang-1600.0.26.4)]" /></properties><test-case id="100" name="tests/test_adx_ingest_function.py::TestBlobIngestFunction::test_blob_function_handles_exception" fullname="tests/test_adx_ingest_function.py::TestBlobIngestFunction::test_blob_function_handles_exception" methodname="test_blob_function_handles_exception" classname="TestBlobIngestFunction" runstate="Runnable" seed="1" result="Passed" label="" start-time="2025-03-23 19:14:25.363370" end-time="2025-03-23 19:14:25.374293" duration="0.010923" asserts="0"><properties><property name="python-version" value="3.11.11 (main, Dec  3 2024, 17:20:40) [Clang 16.0.0 (clang-1600.0.26.4)]" /><property name="fspath" value="tests/test_adx_ingest_function.py" /></properties><environment framework-version="3.6.2" clr-version="3.11.11 (main, Dec  3 2024, 17:20:40) [Clang 16.0.0 (clang-1600.0.26.4)]" os-version="23.1.0" platform="Darwin" cwd="/Users/mac/Documents/SystemsEngineering-2" machine-name="arm64" user="" user-domain="" culture="en_US" uiculture="en_US" os-architecture="64bit" /><failure><message><![CDATA[]]></message><stack-trace><![CDATA[None]]></stack-trace></failure><reason><message><![CDATA[]]></message></reason><output><![CDATA[]]></output></test-case><test-case id="101" name="tests/test_adx_ingest_function.py::TestBlobIngestFunction::test_blob_function_runs_without_crashing" fullname="tests/test_adx_ingest_function.py::TestBlobIngestFunction::test_blob_function_runs_without_crashing" methodname="test_blob_function_runs_without_crashing" classname="TestBlobIngestFunction" runstate="Runnable" seed="1" result="Passed" label="" start-time="2025-03-23 19:14:25.374629" end-time="2025-03-23 19:14:25.382715" duration="0.008086" asserts="0"><properties><property name="python-version" value="3.11.11 (main, Dec  3 2024, 17:20:40) [Clang 16.0.0 (clang-1600.0.26.4)]" /><property name="fspath" value="tests/test_adx_ingest_function.py" /></properties><environment framework-version="3.6.2" clr-version="3.11.11 (main, Dec  3 2024, 17:20:40) [Clang 16.0.0 (clang-1600.0.26.4)]" os-version="23.1.0" platform="Darwin" cwd="/Users/mac/Documents/SystemsEngineering-2" machine-name="arm64" user="" user-domain="" culture="en_US" uiculture="en_US" os-architecture="64bit" /><failure><message><![CDATA[]]></message><stack-trace><![CDATA[None]]></stack-trace></failure><reason><message><![CDATA[]]></message></reason><output><![CDATA[]]></output></test-case><environment framework-version="3.6.2" clr-version="3.11.11 (main, Dec  3 2024, 17:20:40) [Clang 16.0.0 (clang-1600.0.26.4)]" os-version="23.1.0" platform="Darwin" cwd="/Users/mac/Documents/SystemsEngineering-2" machine-name="arm64" user="" user-domain="" culture="en_US" uiculture="en_US" os-architecture="64bit" /></test-suite></test-run>